*** This is nuXmv 2.0.0 (compiled on Mon Oct 14 18:05:39 2019)
*** Copyright (c) 2014-2019, Fondazione Bruno Kessler
*** For more information on nuXmv see https://nuxmv.fbk.eu
*** or email to <nuxmv@list.fbk.eu>.
*** Please report bugs at https://nuxmv.fbk.eu/bugs
*** (click on "Login Anonymously" to access)
*** Alternatively write to <nuxmv@list.fbk.eu>.

*** This version of nuXmv is linked to NuSMV 2.6.0.
*** For more information on NuSMV see <http://nusmv.fbk.eu>
*** or email to <nusmv-users@list.fbk.eu>.
*** Copyright (C) 2010-2019, Fondazione Bruno Kessler

*** This version of nuXmv is linked to the CUDD library version 2.4.1
*** Copyright (c) 1995-2004, Regents of the University of Colorado

*** This version of nuXmv is linked to the MiniSat SAT solver. 
*** See http://minisat.se/MiniSat.html
*** Copyright (c) 2003-2006, Niklas Een, Niklas Sorensson
*** Copyright (c) 2007-2010, Niklas Sorensson

*** This version of nuXmv is linked to MathSAT
*** Copyright (C) 2009-2019 by Fondazione Bruno Kessler
*** Copyright (C) 2009-2019 by University of Trento and others
*** See http://mathsat.fbk.eu

nuXmv > nuXmv > -- specification !( F done)  is false
-- as demonstrated by the following execution sequence
Trace Description: LTL Counterexample 
Trace Type: Counterexample 
  -> State: 1.1 <-
    turn = none
    possible_up = FALSE
    possible_down = FALSE
    possible_right = TRUE
    possible_left = FALSE
    y = 1
    x = 1
    v_00 = solamit
    v_01 = solamit
    v_02 = solamit
    v_03 = solamit
    v_04 = solamit
    v_10 = solamit
    v_11 = shtrudel
    v_12 = dollar
    v_13 = dot
    v_14 = solamit
    v_20 = solamit
    v_21 = solamit
    v_22 = solamit
    v_23 = solamit
    v_24 = solamit
    done = FALSE
    m = 5
    n = 3
  -> State: 1.2 <-
    turn = r
    x = 2
    v_11 = minus
    v_12 = shtrudel
    v_13 = star
    done = TRUE
  -- Loop starts here
  -> State: 1.3 <-
    turn = none
    possible_right = FALSE
    possible_left = TRUE
  -> State: 1.4 <-
nuXmv > time in seconds: 0.0684657096862793